<?xml version="1.0" encoding="UTF-8"?>
<!-- Generated by org.testng.reporters.JUnitXMLReporter -->
<testsuite hostname="Nawaz-Laptop" failures="1" tests="1" name="Validating User login" time="2.273" errors="0" timestamp="7 Mar 2022 10:30:14 GMT">
  <testcase classname="CucumberOptions.TestRunner" name="runScenario" time="0.475">
    <failure type="java.lang.IllegalStateException" message="The driver executable does not exist: E:\eclipse root\ZCucumberPractice\src\test\resources\chromedriver">
      <![CDATA[java.lang.IllegalStateException: The driver executable does not exist: E:\eclipse root\ZCucumberPractice\src\test\resources\chromedriver
	at com.google.common.base.Preconditions.checkState(Preconditions.java:518)
	at org.openqa.selenium.remote.service.DriverService.checkExecutable(DriverService.java:136)
	at org.openqa.selenium.remote.service.DriverService.findExecutable(DriverService.java:131)
	at org.openqa.selenium.chrome.ChromeDriverService.access$000(ChromeDriverService.java:32)
	at org.openqa.selenium.chrome.ChromeDriverService$Builder.findDefaultExecutable(ChromeDriverService.java:137)
	at org.openqa.selenium.remote.service.DriverService$Builder.build(DriverService.java:330)
	at org.openqa.selenium.chrome.ChromeDriverService.createDefaultService(ChromeDriverService.java:88)
	at org.openqa.selenium.chrome.ChromeDriver.<init>(ChromeDriver.java:124)
	at Utils.base.initializeDriver(base.java:43)
	at Utils.testContextSetup.<init>(testContextSetup.java:25)
	at org.picocontainer.injectors.AbstractInjector.newInstance(AbstractInjector.java:145)
	at org.picocontainer.injectors.ConstructorInjector$1.run(ConstructorInjector.java:342)
	at org.picocontainer.injectors.AbstractInjector$ThreadLocalCyclicDependencyGuard.observe(AbstractInjector.java:270)
	at org.picocontainer.injectors.ConstructorInjector.getComponentInstance(ConstructorInjector.java:364)
	at org.picocontainer.injectors.AbstractInjectionFactory$LifecycleAdapter.getComponentInstance(AbstractInjectionFactory.java:56)
	at org.picocontainer.behaviors.AbstractBehavior.getComponentInstance(AbstractBehavior.java:64)
	at org.picocontainer.behaviors.Stored.getComponentInstance(Stored.java:91)
	at org.picocontainer.DefaultPicoContainer.getInstance(DefaultPicoContainer.java:699)
	at org.picocontainer.DefaultPicoContainer.getComponent(DefaultPicoContainer.java:647)
	at org.picocontainer.DefaultPicoContainer.getComponent(DefaultPicoContainer.java:632)
	at org.picocontainer.parameters.BasicComponentParameter$1.resolveInstance(BasicComponentParameter.java:118)
	at org.picocontainer.parameters.ComponentParameter$1.resolveInstance(ComponentParameter.java:136)
	at org.picocontainer.injectors.SingleMemberInjector.getParameter(SingleMemberInjector.java:78)
	at org.picocontainer.injectors.ConstructorInjector$CtorAndAdapters.getParameterArguments(ConstructorInjector.java:309)
	at org.picocontainer.injectors.ConstructorInjector$1.run(ConstructorInjector.java:335)
	at org.picocontainer.injectors.AbstractInjector$ThreadLocalCyclicDependencyGuard.observe(AbstractInjector.java:270)
	at org.picocontainer.injectors.ConstructorInjector.getComponentInstance(ConstructorInjector.java:364)
	at org.picocontainer.injectors.AbstractInjectionFactory$LifecycleAdapter.getComponentInstance(AbstractInjectionFactory.java:56)
	at org.picocontainer.behaviors.AbstractBehavior.getComponentInstance(AbstractBehavior.java:64)
	at org.picocontainer.behaviors.Stored.getComponentInstance(Stored.java:91)
	at org.picocontainer.DefaultPicoContainer.getInstance(DefaultPicoContainer.java:699)
	at org.picocontainer.DefaultPicoContainer.getComponent(DefaultPicoContainer.java:647)
	at org.picocontainer.DefaultPicoContainer.getComponent(DefaultPicoContainer.java:678)
	at io.cucumber.picocontainer.PicoFactory.getInstance(PicoFactory.java:49)
	at io.cucumber.java.AbstractGlueDefinition.invokeMethod(AbstractGlueDefinition.java:47)
	at io.cucumber.java.JavaStepDefinition.execute(JavaStepDefinition.java:29)
	at io.cucumber.core.runner.CoreStepDefinition.execute(CoreStepDefinition.java:66)
	at io.cucumber.core.runner.PickleStepDefinitionMatch.runStep(PickleStepDefinitionMatch.java:63)
	at io.cucumber.core.runner.ExecutionMode$1.execute(ExecutionMode.java:10)
	at io.cucumber.core.runner.TestStep.executeStep(TestStep.java:86)
	at io.cucumber.core.runner.TestStep.run(TestStep.java:57)
	at io.cucumber.core.runner.PickleStepTestStep.run(PickleStepTestStep.java:51)
	at io.cucumber.core.runner.TestCase.run(TestCase.java:95)
	at io.cucumber.core.runner.Runner.runPickle(Runner.java:75)
	at io.cucumber.testng.TestNGCucumberRunner.lambda$runScenario$1(TestNGCucumberRunner.java:132)
	at io.cucumber.core.runtime.CucumberExecutionContext.lambda$runTestCase$3(CucumberExecutionContext.java:151)
	at io.cucumber.core.runtime.RethrowingThrowableCollector.executeAndThrow(RethrowingThrowableCollector.java:23)
	at io.cucumber.core.runtime.CucumberExecutionContext.runTestCase(CucumberExecutionContext.java:151)
	at io.cucumber.testng.TestNGCucumberRunner.runScenario(TestNGCucumberRunner.java:129)
	at io.cucumber.testng.AbstractTestNGCucumberTests.runScenario(AbstractTestNGCucumberTests.java:35)
	at java.base/java.util.concurrent.FutureTask.run(FutureTask.java:264)
	at java.base/java.util.concurrent.Executors$RunnableAdapter.call(Executors.java:539)
	at java.base/java.util.concurrent.FutureTask.run(FutureTask.java:264)
	at java.base/java.util.concurrent.ThreadPoolExecutor.runWorker(ThreadPoolExecutor.java:1136)
	at java.base/java.util.concurrent.ThreadPoolExecutor$Worker.run(ThreadPoolExecutor.java:635)
	at java.base/java.lang.Thread.run(Thread.java:833)
... Removed 14 stack frames]]>
    </failure>
  </testcase> <!-- runScenario -->
</testsuite> <!-- Validating User login -->
